<?xml version="1.0" encoding="UTF-8"?>
<!-- Generated by org.testng.reporters.JUnitXMLReporter -->
<testsuite hostname="LAPTOP-8PRUA2E3" ignored="0" name="booking test case" tests="2" failures="0" timestamp="30 Jun 2018 09:29:34 GMT" time="0.015" errors="0">
  <testcase name="positiveBookingTestCase" time="0.004" classname="com.testng.withAllure.bookingTest"/>
  <testcase name="negativeBookingTestCase" time="0.002" classname="com.testng.withAllure.bookingTest"/>
</testsuite> <!-- booking test case -->
