<?xml version="1.0" encoding="UTF-8"?>
<testng-results skipped="0" failed="0" ignored="0" total="4" passed="4">
  <reporter-output>
  </reporter-output>
  <suite name="TestAll" duration-ms="455" started-at="2018-06-30T09:29:34Z" finished-at="2018-06-30T09:29:34Z">
    <groups>
    </groups>
    <test name="login test case" duration-ms="384" started-at="2018-06-30T09:29:34Z" finished-at="2018-06-30T09:29:34Z">
      <class name="com.testng.withAllure.loginTest">
        <test-method status="PASS" signature="positiveLoginTestCase()[pri:1, instance:com.testng.withAllure.loginTest@4983159f]" name="positiveLoginTestCase" duration-ms="133" started-at="2018-06-30T09:29:34Z" finished-at="2018-06-30T09:29:34Z">
          <reporter-output>
          </reporter-output>
        </test-method> <!-- positiveLoginTestCase -->
        <test-method status="PASS" signature="negativeLoginTestCase()[pri:2, instance:com.testng.withAllure.loginTest@4983159f]" name="negativeLoginTestCase" duration-ms="2" started-at="2018-06-30T09:29:34Z" finished-at="2018-06-30T09:29:34Z">
          <reporter-output>
          </reporter-output>
        </test-method> <!-- negativeLoginTestCase -->
      </class> <!-- com.testng.withAllure.loginTest -->
    </test> <!-- login test case -->
    <test name="booking test case" duration-ms="15" started-at="2018-06-30T09:29:34Z" finished-at="2018-06-30T09:29:34Z">
      <class name="com.testng.withAllure.bookingTest">
        <test-method status="PASS" signature="positiveBookingTestCase()[pri:3, instance:com.testng.withAllure.bookingTest@4097cac]" name="positiveBookingTestCase" duration-ms="4" started-at="2018-06-30T09:29:34Z" finished-at="2018-06-30T09:29:34Z">
          <reporter-output>
          </reporter-output>
        </test-method> <!-- positiveBookingTestCase -->
        <test-method status="PASS" signature="negativeBookingTestCase()[pri:4, instance:com.testng.withAllure.bookingTest@4097cac]" name="negativeBookingTestCase" duration-ms="2" started-at="2018-06-30T09:29:34Z" finished-at="2018-06-30T09:29:34Z">
          <reporter-output>
          </reporter-output>
        </test-method> <!-- negativeBookingTestCase -->
      </class> <!-- com.testng.withAllure.bookingTest -->
    </test> <!-- booking test case -->
  </suite> <!-- TestAll -->
</testng-results>
